<?xml version="1.0" encoding="UTF-8"?>
<testsuite xmlns:xsi="http://www.w3.org/2001/XMLSchema-instance" xsi:noNamespaceSchemaLocation="https://maven.apache.org/surefire/maven-surefire-plugin/xsd/surefire-test-report-3.0.xsd" version="3.0" name="goral.psychotherapistoffice.PsychotherapistOfficeApplicationTests" time="6.361" tests="1" errors="0" skipped="0" failures="0">
  <properties>
[...]
</properties>
  <testcase name="contextLoads" classname="goral.psychotherapistoffice.PsychotherapistOfficeApplicationTests" time="0.722">
    <system-out><![CDATA[18:43:05.013 [main] INFO org.springframework.test.context.support.AnnotationConfigContextLoaderUtils -- Could not detect default configuration classes for test class [goral.psychotherapistoffice.PsychotherapistOfficeApplicationTests]: PsychotherapistOfficeApplicationTests does not declare any static, non-private, non-final, nested classes annotated with @Configuration.
18:43:05.160 [main] INFO org.springframework.boot.test.context.SpringBootTestContextBootstrapper -- Found @SpringBootConfiguration goral.psychotherapistoffice.PsychotherapistOfficeApplication for test class goral.psychotherapistoffice.PsychotherapistOfficeApplicationTests
18:43:05.315 [main] INFO org.springframework.boot.devtools.restart.RestartApplicationListener -- Restart disabled due to context in which it is running

  .   ____          _            __ _ _
 /\\ / ___'_ __ _ _(_)_ __  __ _ \ \ \ \
( ( )\___ | '_ | '_| | '_ \/ _` | \ \ \ \
 \\/  ___)| |_)| | | | | || (_| |  ) ) ) )
  '  |____| .__|_| |_|_| |_\__, | / / / /
 =========|_|==============|___/=/_/_/_/
 :: Spring Boot ::                (v3.2.0)

2023-12-09T18:43:05.625+01:00  INFO 8130 --- [           main] .p.PsychotherapistOfficeApplicationTests : Starting PsychotherapistOfficeApplicationTests using Java 17.0.9 with PID 8130 (started by goral in /home/goral/java_gorskiego_LIS23/VSC/psychotherapistOffice)
2023-12-09T18:43:05.626+01:00  INFO 8130 --- [           main] .p.PsychotherapistOfficeApplicationTests : No active profile set, falling back to 1 default profile: "default"
2023-12-09T18:43:06.558+01:00  INFO 8130 --- [           main] .s.d.r.c.RepositoryConfigurationDelegate : Bootstrapping Spring Data JPA repositories in DEFAULT mode.
2023-12-09T18:43:06.612+01:00  INFO 8130 --- [           main] .s.d.r.c.RepositoryConfigurationDelegate : Finished Spring Data repository scanning in 46 ms. Found 2 JPA repository interfaces.
2023-12-09T18:43:07.053+01:00  INFO 8130 --- [           main] com.zaxxer.hikari.HikariDataSource       : HikariPool-1 - Starting...
2023-12-09T18:43:07.242+01:00  INFO 8130 --- [           main] com.zaxxer.hikari.pool.HikariPool        : HikariPool-1 - Added connection conn0: url=jdbc:h2:mem:test user=SA
2023-12-09T18:43:07.243+01:00  INFO 8130 --- [           main] com.zaxxer.hikari.HikariDataSource       : HikariPool-1 - Start completed.
2023-12-09T18:43:07.303+01:00  INFO 8130 --- [           main] liquibase.database                       : Set default schema name to PUBLIC
2023-12-09T18:43:07.894+01:00  INFO 8130 --- [           main] liquibase.changelog                      : Creating database history table with name: PUBLIC.DATABASECHANGELOG
2023-12-09T18:43:07.986+01:00  INFO 8130 --- [           main] liquibase.changelog                      : Reading from PUBLIC.DATABASECHANGELOG
2023-12-09T18:43:08.064+01:00  INFO 8130 --- [           main] liquibase.lockservice                    : Successfully acquired change log lock
2023-12-09T18:43:08.065+01:00  INFO 8130 --- [           main] liquibase.command                        : Using deploymentId: 2143788065
2023-12-09T18:43:08.067+01:00  INFO 8130 --- [           main] liquibase.changelog                      : Reading from PUBLIC.DATABASECHANGELOG
Running Changeset: db/changelog/0001_create_table_patient.xml::0001::tomasz.gorski88@gmail.com
2023-12-09T18:43:08.120+01:00  INFO 8130 --- [           main] liquibase.changelog                      : Table Patient created
2023-12-09T18:43:08.121+01:00  INFO 8130 --- [           main] liquibase.changelog                      : ChangeSet db/changelog/0001_create_table_patient.xml::0001::tomasz.gorski88@gmail.com ran successfully in 12ms
Running Changeset: db/changelog/0002_create_table_therapy.xml::0002::tomasz.gorski88@gmail.com
2023-12-09T18:43:08.135+01:00  INFO 8130 --- [           main] liquibase.changelog                      : Table therapy created
2023-12-09T18:43:08.135+01:00  INFO 8130 --- [           main] liquibase.changelog                      : ChangeSet db/changelog/0002_create_table_therapy.xml::0002::tomasz.gorski88@gmail.com ran successfully in 4ms
Running Changeset: db/changelog/0003_create_table_calender.xml::0003::tomasz.gorski88@gmail.com
2023-12-09T18:43:08.152+01:00  INFO 8130 --- [           main] liquibase.changelog                      : Table calender created
2023-12-09T18:43:08.152+01:00  INFO 8130 --- [           main] liquibase.changelog                      : ChangeSet db/changelog/0003_create_table_calender.xml::0003::tomasz.gorski88@gmail.com ran successfully in 10ms
Running Changeset: db/changelog/../testdata/0001_Patient.sql::raw::includeAll
2023-12-09T18:43:08.222+01:00  INFO 8130 --- [           main] liquibase.changelog                      : Custom SQL executed
2023-12-09T18:43:08.224+01:00  INFO 8130 --- [           main] liquibase.changelog                      : ChangeSet db/changelog/../testdata/0001_Patient.sql::raw::includeAll ran successfully in 68ms
Running Changeset: db/changelog/../testdata/0002_Therapy.sql::raw::includeAll
2023-12-09T18:43:08.238+01:00  INFO 8130 --- [           main] liquibase.changelog                      : Custom SQL executed
2023-12-09T18:43:08.238+01:00  INFO 8130 --- [           main] liquibase.changelog                      : ChangeSet db/changelog/../testdata/0002_Therapy.sql::raw::includeAll ran successfully in 10ms
Running Changeset: db/changelog/../testdata/0003_calender.sql::raw::includeAll
2023-12-09T18:43:08.264+01:00  INFO 8130 --- [           main] liquibase.changelog                      : Custom SQL executed
2023-12-09T18:43:08.266+01:00  INFO 8130 --- [           main] liquibase.changelog                      : ChangeSet db/changelog/../testdata/0003_calender.sql::raw::includeAll ran successfully in 24ms
2023-12-09T18:43:08.272+01:00  INFO 8130 --- [           main] liquibase.util                           : UPDATE SUMMARY
2023-12-09T18:43:08.273+01:00  INFO 8130 --- [           main] liquibase.util                           : Run:                          6
2023-12-09T18:43:08.273+01:00  INFO 8130 --- [           main] liquibase.util                           : Previously run:               0
2023-12-09T18:43:08.273+01:00  INFO 8130 --- [           main] liquibase.util                           : Filtered out:                 0
2023-12-09T18:43:08.273+01:00  INFO 8130 --- [           main] liquibase.util                           : -------------------------------
2023-12-09T18:43:08.273+01:00  INFO 8130 --- [           main] liquibase.util                           : Total change sets:            6
2023-12-09T18:43:08.273+01:00  INFO 8130 --- [           main] liquibase.util                           : Update summary generated
2023-12-09T18:43:08.275+01:00  INFO 8130 --- [           main] liquibase.command                        : Update command completed successfully.
Liquibase: Update has been successful. Rows affected: 9
2023-12-09T18:43:08.278+01:00  INFO 8130 --- [           main] liquibase.lockservice                    : Successfully released change log lock
2023-12-09T18:43:08.278+01:00  INFO 8130 --- [           main] liquibase.command                        : Command execution complete
2023-12-09T18:43:08.380+01:00  INFO 8130 --- [           main] o.hibernate.jpa.internal.util.LogHelper  : HHH000204: Processing PersistenceUnitInfo [name: default]
2023-12-09T18:43:08.432+01:00  INFO 8130 --- [           main] org.hibernate.Version                    : HHH000412: Hibernate ORM core version 6.3.1.Final
2023-12-09T18:43:08.466+01:00  INFO 8130 --- [           main] o.h.c.internal.RegionFactoryInitiator    : HHH000026: Second-level cache disabled
2023-12-09T18:43:08.677+01:00  INFO 8130 --- [           main] o.s.o.j.p.SpringPersistenceUnitInfo      : No LoadTimeWeaver setup: ignoring JPA class transformer
2023-12-09T18:43:09.498+01:00  INFO 8130 --- [           main] o.h.e.t.j.p.i.JtaPlatformInitiator       : HHH000489: No JTA platform available (set 'hibernate.transaction.jta.platform' to enable JTA platform integration)
2023-12-09T18:43:09.501+01:00  INFO 8130 --- [           main] j.LocalContainerEntityManagerFactoryBean : Initialized JPA EntityManagerFactory for persistence unit 'default'
2023-12-09T18:43:09.933+01:00  WARN 8130 --- [           main] JpaBaseConfiguration$JpaWebConfiguration : spring.jpa.open-in-view is enabled by default. Therefore, database queries may be performed during view rendering. Explicitly configure spring.jpa.open-in-view to disable this warning
2023-12-09T18:43:09.956+01:00  INFO 8130 --- [           main] o.s.b.a.w.s.WelcomePageHandlerMapping    : Adding welcome page template: index
2023-12-09T18:43:10.452+01:00  INFO 8130 --- [           main] .p.PsychotherapistOfficeApplicationTests : Started PsychotherapistOfficeApplicationTests in 5.153 seconds (process running for 6.202)
]]></system-out>
  </testcase>
</testsuite>